creat : Options = 2
('foo', 'A/foo')

mkdir : Options = 1
('A',)

falloc : Options = 6
[('foo', 'FALLOC_FL_KEEP_SIZE', 'append'), ('foo', 'FALLOC_FL_KEEP_SIZE', 'overlap_unaligned_start'), ('foo', 'FALLOC_FL_KEEP_SIZE', 'overlap_extend'), ('A/foo', 'FALLOC_FL_KEEP_SIZE', 'append'), ('A/foo', 'FALLOC_FL_KEEP_SIZE', 'overlap_unaligned_start'), ('A/foo', 'FALLOC_FL_KEEP_SIZE', 'overlap_extend')]

dwrite : Options = 4
[('foo', 'append'), ('foo', 'overlap_start'), ('A/foo', 'append'), ('A/foo', 'overlap_start')]

link : Options = 12
[('foo', 'bar'), ('foo', 'A/bar'), ('foo', 'AC/bar'), ('A/foo', 'bar'), ('A/foo', 'A/bar'), ('A/foo', 'AC/bar'), ('bar', 'A/bar'), ('bar', 'AC/bar'), ('A/bar', 'bar'), ('A/bar', 'AC/bar'), ('AC/bar', 'bar'), ('AC/bar', 'A/bar')]

unlink : Options = 5
('foo', 'A/foo', 'bar', 'A/bar', 'AC/bar')

remove : Options = 5
('foo', 'A/foo', 'bar', 'A/bar', 'AC/bar')

rename : Options = 16
[('foo', 'bar'), ('foo', 'A/bar'), ('foo', 'AC/bar'), ('A/foo', 'bar'), ('A/foo', 'A/bar'), ('A/foo', 'AC/bar'), ('bar', 'A/bar'), ('bar', 'AC/bar'), ('A/bar', 'bar'), ('A/bar', 'AC/bar'), ('AC/bar', 'bar'), ('AC/bar', 'A/bar'), ('A', 'B'), ('A', 'AC'), ('B', 'AC'), ('AC', 'B')]

truncate : Options = 4
[('foo', 'aligned'), ('foo', 'unaligned'), ('A/foo', 'aligned'), ('A/foo', 'unaligned')]

rmdir : Options = 1
('A',)

Total file-system operations tested = 10
Total Phase-1 Skeletons = 10

0 : creat
	0 : ('foo',)

		Used Files = ['foo']
		File range = ['bar', 'test', 'foo']

		File # 1 : 0 : ('none',)
			Current Sequence = [('creat', 'foo'), ('none', '1')]mark
command string: mark
mark
creat
command string: open foo O_RDWR|O_CREAT 0777
open foo O_RDWR|O_CREAT 0777
none
command string: none
checkpoint 0
none
checkpoint 0
close
command string: close foo
close foo
['# define\n', 'test\n', 'A\n', 'A/C\n', 'B\n', 'foo\n', 'bar\n', 'A/foo\n', 'A/bar\n', 'B/foo\n', 'B/bar\n', 'A/C/foo\n', 'A/C/bar\n', '\n', '# declare\n', 'local_checkpoint\n', '\n', '# setup\n', '\n', '\n', '# run\n', 'mark\n', 'open foo O_RDWR|O_CREAT 0777\n', 'none\n', 'checkpoint 0\n', 'close foo\n']
			Modified sequence = ['mark', ('creat', 'foo'), ('none', '1'), ('close', 'foo')]
	1 : ('A/foo',)

		Used Files = ['A/foo']
		File range = ['A', 'A/foo', 'A/bar']

		File # 2 : 0 : ('none',)
			Current Sequence = [('creat', 'A/foo'), ('none', '1')]mkdir
command string: mkdir A 0777
mkdir A 0777
mark
command string: mark
mark
creat
command string: open Afoo O_RDWR|O_CREAT 0777
open Afoo O_RDWR|O_CREAT 0777
none
command string: none
checkpoint 0
none
checkpoint 0
close
command string: close Afoo
close Afoo
['# define\n', 'test\n', 'A\n', 'A/C\n', 'B\n', 'foo\n', 'bar\n', 'A/foo\n', 'A/bar\n', 'B/foo\n', 'B/bar\n', 'A/C/foo\n', 'A/C/bar\n', '\n', '# declare\n', 'local_checkpoint\n', '\n', '# setup\n', '\n', '\n', '# run\n', 'mkdir A 0777\n', 'mark\n', 'open Afoo O_RDWR|O_CREAT 0777\n', 'none\n', 'checkpoint 0\n', 'close Afoo\n']
			Modified sequence = [('mkdir', 'A'), 'mark', ('creat', 'A/foo'), ('none', '1'), ('close', 'A/foo')]

1 : mkdir
	0 : ('A',)

		Used Files = ['A']
		File range = ['A', 'B', 'test']

		File # 3 : 0 : ('none',)
			Current Sequence = [('mkdir', 'A'), ('none', '1')]mark
command string: mark
mark
mkdir
command string: mkdir A 0777
mkdir A 0777
none
command string: none
checkpoint 0
none
checkpoint 0
['# define\n', 'test\n', 'A\n', 'A/C\n', 'B\n', 'foo\n', 'bar\n', 'A/foo\n', 'A/bar\n', 'B/foo\n', 'B/bar\n', 'A/C/foo\n', 'A/C/bar\n', '\n', '# declare\n', 'local_checkpoint\n', '\n', '# setup\n', '\n', '\n', '# run\n', 'mark\n', 'mkdir A 0777\n', 'none\n', 'checkpoint 0\n']
			Modified sequence = ['mark', ('mkdir', 'A'), ('none', '1')]

2 : falloc
	0 : (('foo', 'FALLOC_FL_KEEP_SIZE', 'append'),)

		Used Files = ['foo']
		File range = ['bar', 'test', 'foo']

		File # 4 : 0 : ('none',)
			Current Sequence = [('falloc', ('foo', 'FALLOC_FL_KEEP_SIZE', 'append')), ('none', '1')]inserting open for fileopen
open foo O_RDWR|O_CREAT 0777
command string: open foo O_RDWR|O_CREAT 0777
open foo O_RDWR|O_CREAT 0777
write
command string: write foo 0 4096
write foo 0 4096
mark
command string: mark
mark
falloc
command string: falloc foo FALLOC_FL_KEEP_SIZE 4096 4096
falloc foo FALLOC_FL_KEEP_SIZE 4096 4096
none
command string: none
checkpoint 0
none
checkpoint 0
close
command string: close foo
close foo
['# define\n', 'test\n', 'A\n', 'A/C\n', 'B\n', 'foo\n', 'bar\n', 'A/foo\n', 'A/bar\n', 'B/foo\n', 'B/bar\n', 'A/C/foo\n', 'A/C/bar\n', '\n', '# declare\n', 'local_checkpoint\n', '\n', '# setup\n', '\n', '\n', '# run\n', 'open foo O_RDWR|O_CREAT 0777\n', 'write foo 0 4096\n', 'mark\n', 'falloc foo FALLOC_FL_KEEP_SIZE 4096 4096\n', 'none\n', 'checkpoint 0\n', 'close foo\n']
			Modified sequence = [('open', 'foo'), ('write', ('foo', 'append')), 'mark', ('falloc', ('foo', 'FALLOC_FL_KEEP_SIZE', 'append')), ('none', '1'), ('close', 'foo')]
	1 : (('foo', 'FALLOC_FL_KEEP_SIZE', 'overlap_unaligned_start'),)

		Used Files = ['foo']
		File range = ['bar', 'test', 'foo']

		File # 5 : 0 : ('none',)
			Current Sequence = [('falloc', ('foo', 'FALLOC_FL_KEEP_SIZE', 'overlap_unaligned_start')), ('none', '1')]inserting open for fileopen
open foo O_RDWR|O_CREAT 0777
command string: open foo O_RDWR|O_CREAT 0777
open foo O_RDWR|O_CREAT 0777
write
command string: write foo 0 4096
write foo 0 4096
mark
command string: mark
mark
falloc
command string: falloc foo FALLOC_FL_KEEP_SIZE 0 1024
falloc foo FALLOC_FL_KEEP_SIZE 0 1024
none
command string: none
checkpoint 0
none
checkpoint 0
close
command string: close foo
close foo
['# define\n', 'test\n', 'A\n', 'A/C\n', 'B\n', 'foo\n', 'bar\n', 'A/foo\n', 'A/bar\n', 'B/foo\n', 'B/bar\n', 'A/C/foo\n', 'A/C/bar\n', '\n', '# declare\n', 'local_checkpoint\n', '\n', '# setup\n', '\n', '\n', '# run\n', 'open foo O_RDWR|O_CREAT 0777\n', 'write foo 0 4096\n', 'mark\n', 'falloc foo FALLOC_FL_KEEP_SIZE 0 1024\n', 'none\n', 'checkpoint 0\n', 'close foo\n']
			Modified sequence = [('open', 'foo'), ('write', ('foo', 'append')), 'mark', ('falloc', ('foo', 'FALLOC_FL_KEEP_SIZE', 'overlap_unaligned_start')), ('none', '1'), ('close', 'foo')]
	2 : (('foo', 'FALLOC_FL_KEEP_SIZE', 'overlap_extend'),)

		Used Files = ['foo']
		File range = ['bar', 'test', 'foo']

		File # 6 : 0 : ('none',)
			Current Sequence = [('falloc', ('foo', 'FALLOC_FL_KEEP_SIZE', 'overlap_extend')), ('none', '1')]inserting open for fileopen
open foo O_RDWR|O_CREAT 0777
command string: open foo O_RDWR|O_CREAT 0777
open foo O_RDWR|O_CREAT 0777
write
command string: write foo 0 4096
write foo 0 4096
mark
command string: mark
mark
falloc
command string: falloc foo FALLOC_FL_KEEP_SIZE 3072 2048
falloc foo FALLOC_FL_KEEP_SIZE 3072 2048
none
command string: none
checkpoint 0
none
checkpoint 0
close
command string: close foo
close foo
['# define\n', 'test\n', 'A\n', 'A/C\n', 'B\n', 'foo\n', 'bar\n', 'A/foo\n', 'A/bar\n', 'B/foo\n', 'B/bar\n', 'A/C/foo\n', 'A/C/bar\n', '\n', '# declare\n', 'local_checkpoint\n', '\n', '# setup\n', '\n', '\n', '# run\n', 'open foo O_RDWR|O_CREAT 0777\n', 'write foo 0 4096\n', 'mark\n', 'falloc foo FALLOC_FL_KEEP_SIZE 3072 2048\n', 'none\n', 'checkpoint 0\n', 'close foo\n']
			Modified sequence = [('open', 'foo'), ('write', ('foo', 'append')), 'mark', ('falloc', ('foo', 'FALLOC_FL_KEEP_SIZE', 'overlap_extend')), ('none', '1'), ('close', 'foo')]
	3 : (('A/foo', 'FALLOC_FL_KEEP_SIZE', 'append'),)

		Used Files = ['A/foo']
		File range = ['A', 'A/foo', 'A/bar']

		File # 7 : 0 : ('none',)
			Current Sequence = [('falloc', ('A/foo', 'FALLOC_FL_KEEP_SIZE', 'append')), ('none', '1')]inserting open for filemkdir
command string: mkdir A 0777
mkdir A 0777
open
open Afoo O_RDWR|O_CREAT 0777
command string: open Afoo O_RDWR|O_CREAT 0777
open Afoo O_RDWR|O_CREAT 0777
write
command string: write Afoo 0 4096
write Afoo 0 4096
mark
command string: mark
mark
falloc
command string: falloc Afoo FALLOC_FL_KEEP_SIZE 4096 4096
falloc Afoo FALLOC_FL_KEEP_SIZE 4096 4096
none
command string: none
checkpoint 0
none
checkpoint 0
close
command string: close Afoo
close Afoo
['# define\n', 'test\n', 'A\n', 'A/C\n', 'B\n', 'foo\n', 'bar\n', 'A/foo\n', 'A/bar\n', 'B/foo\n', 'B/bar\n', 'A/C/foo\n', 'A/C/bar\n', '\n', '# declare\n', 'local_checkpoint\n', '\n', '# setup\n', '\n', '\n', '# run\n', 'mkdir A 0777\n', 'open Afoo O_RDWR|O_CREAT 0777\n', 'write Afoo 0 4096\n', 'mark\n', 'falloc Afoo FALLOC_FL_KEEP_SIZE 4096 4096\n', 'none\n', 'checkpoint 0\n', 'close Afoo\n']
			Modified sequence = [('mkdir', 'A'), ('open', 'A/foo'), ('write', ('A/foo', 'append')), 'mark', ('falloc', ('A/foo', 'FALLOC_FL_KEEP_SIZE', 'append')), ('none', '1'), ('close', 'A/foo')]
	4 : (('A/foo', 'FALLOC_FL_KEEP_SIZE', 'overlap_unaligned_start'),)

		Used Files = ['A/foo']
		File range = ['A', 'A/foo', 'A/bar']

		File # 8 : 0 : ('none',)
			Current Sequence = [('falloc', ('A/foo', 'FALLOC_FL_KEEP_SIZE', 'overlap_unaligned_start')), ('none', '1')]inserting open for filemkdir
command string: mkdir A 0777
mkdir A 0777
open
open Afoo O_RDWR|O_CREAT 0777
command string: open Afoo O_RDWR|O_CREAT 0777
open Afoo O_RDWR|O_CREAT 0777
write
command string: write Afoo 0 4096
write Afoo 0 4096
mark
command string: mark
mark
falloc
command string: falloc Afoo FALLOC_FL_KEEP_SIZE 0 1024
falloc Afoo FALLOC_FL_KEEP_SIZE 0 1024
none
command string: none
checkpoint 0
none
checkpoint 0
close
command string: close Afoo
close Afoo
['# define\n', 'test\n', 'A\n', 'A/C\n', 'B\n', 'foo\n', 'bar\n', 'A/foo\n', 'A/bar\n', 'B/foo\n', 'B/bar\n', 'A/C/foo\n', 'A/C/bar\n', '\n', '# declare\n', 'local_checkpoint\n', '\n', '# setup\n', '\n', '\n', '# run\n', 'mkdir A 0777\n', 'open Afoo O_RDWR|O_CREAT 0777\n', 'write Afoo 0 4096\n', 'mark\n', 'falloc Afoo FALLOC_FL_KEEP_SIZE 0 1024\n', 'none\n', 'checkpoint 0\n', 'close Afoo\n']
			Modified sequence = [('mkdir', 'A'), ('open', 'A/foo'), ('write', ('A/foo', 'append')), 'mark', ('falloc', ('A/foo', 'FALLOC_FL_KEEP_SIZE', 'overlap_unaligned_start')), ('none', '1'), ('close', 'A/foo')]
	5 : (('A/foo', 'FALLOC_FL_KEEP_SIZE', 'overlap_extend'),)

		Used Files = ['A/foo']
		File range = ['A', 'A/foo', 'A/bar']

		File # 9 : 0 : ('none',)
			Current Sequence = [('falloc', ('A/foo', 'FALLOC_FL_KEEP_SIZE', 'overlap_extend')), ('none', '1')]inserting open for filemkdir
command string: mkdir A 0777
mkdir A 0777
open
open Afoo O_RDWR|O_CREAT 0777
command string: open Afoo O_RDWR|O_CREAT 0777
open Afoo O_RDWR|O_CREAT 0777
write
command string: write Afoo 0 4096
write Afoo 0 4096
mark
command string: mark
mark
falloc
command string: falloc Afoo FALLOC_FL_KEEP_SIZE 3072 2048
falloc Afoo FALLOC_FL_KEEP_SIZE 3072 2048
none
command string: none
checkpoint 0
none
checkpoint 0
close
command string: close Afoo
close Afoo
['# define\n', 'test\n', 'A\n', 'A/C\n', 'B\n', 'foo\n', 'bar\n', 'A/foo\n', 'A/bar\n', 'B/foo\n', 'B/bar\n', 'A/C/foo\n', 'A/C/bar\n', '\n', '# declare\n', 'local_checkpoint\n', '\n', '# setup\n', '\n', '\n', '# run\n', 'mkdir A 0777\n', 'open Afoo O_RDWR|O_CREAT 0777\n', 'write Afoo 0 4096\n', 'mark\n', 'falloc Afoo FALLOC_FL_KEEP_SIZE 3072 2048\n', 'none\n', 'checkpoint 0\n', 'close Afoo\n']
			Modified sequence = [('mkdir', 'A'), ('open', 'A/foo'), ('write', ('A/foo', 'append')), 'mark', ('falloc', ('A/foo', 'FALLOC_FL_KEEP_SIZE', 'overlap_extend')), ('none', '1'), ('close', 'A/foo')]

3 : dwrite
	0 : (('foo', 'append'),)

		Used Files = ['foo']
		File range = ['bar', 'test', 'foo']

		File # 10 : 0 : ('none',)
			Current Sequence = [('dwrite', ('foo', 'append')), ('none', '1')]inserting open for fileopen
open foo O_RDWR|O_CREAT 0777
command string: open foo O_RDWR|O_CREAT 0777
open foo O_RDWR|O_CREAT 0777
mark
command string: mark
mark
dwrite
command string: dwrite foo 0 4096
dwrite foo 0 4096
none
command string: none
checkpoint 0
none
checkpoint 0
['# define\n', 'test\n', 'A\n', 'A/C\n', 'B\n', 'foo\n', 'bar\n', 'A/foo\n', 'A/bar\n', 'B/foo\n', 'B/bar\n', 'A/C/foo\n', 'A/C/bar\n', '\n', '# declare\n', 'local_checkpoint\n', '\n', '# setup\n', '\n', '\n', '# run\n', 'open foo O_RDWR|O_CREAT 0777\n', 'mark\n', 'dwrite foo 0 4096\n', 'none\n', 'checkpoint 0\n']
			Modified sequence = [('open', 'foo'), 'mark', ('dwrite', ('foo', 'append')), ('none', '1')]
	1 : (('foo', 'overlap_start'),)

		Used Files = ['foo']
		File range = ['bar', 'test', 'foo']

		File # 11 : 0 : ('none',)
			Current Sequence = [('dwrite', ('foo', 'overlap_start')), ('none', '1')]inserting open for fileopen
open foo O_RDWR|O_CREAT 0777
command string: open foo O_RDWR|O_CREAT 0777
open foo O_RDWR|O_CREAT 0777
write
command string: write foo 0 4096
write foo 0 4096
mark
command string: mark
mark
dwrite
command string: dwrite foo 0 1024
dwrite foo 0 1024
none
command string: none
checkpoint 0
none
checkpoint 0
['# define\n', 'test\n', 'A\n', 'A/C\n', 'B\n', 'foo\n', 'bar\n', 'A/foo\n', 'A/bar\n', 'B/foo\n', 'B/bar\n', 'A/C/foo\n', 'A/C/bar\n', '\n', '# declare\n', 'local_checkpoint\n', '\n', '# setup\n', '\n', '\n', '# run\n', 'open foo O_RDWR|O_CREAT 0777\n', 'write foo 0 4096\n', 'mark\n', 'dwrite foo 0 1024\n', 'none\n', 'checkpoint 0\n']
			Modified sequence = [('open', 'foo'), ('write', ('foo', 'append')), 'mark', ('dwrite', ('foo', 'overlap_start')), ('none', '1')]
	2 : (('A/foo', 'append'),)

		Used Files = ['A/foo']
		File range = ['A', 'A/foo', 'A/bar']

		File # 12 : 0 : ('none',)
			Current Sequence = [('dwrite', ('A/foo', 'append')), ('none', '1')]inserting open for filemkdir
command string: mkdir A 0777
mkdir A 0777
open
open Afoo O_RDWR|O_CREAT 0777
command string: open Afoo O_RDWR|O_CREAT 0777
open Afoo O_RDWR|O_CREAT 0777
mark
command string: mark
mark
dwrite
command string: dwrite Afoo 0 4096
dwrite Afoo 0 4096
none
command string: none
checkpoint 0
none
checkpoint 0
['# define\n', 'test\n', 'A\n', 'A/C\n', 'B\n', 'foo\n', 'bar\n', 'A/foo\n', 'A/bar\n', 'B/foo\n', 'B/bar\n', 'A/C/foo\n', 'A/C/bar\n', '\n', '# declare\n', 'local_checkpoint\n', '\n', '# setup\n', '\n', '\n', '# run\n', 'mkdir A 0777\n', 'open Afoo O_RDWR|O_CREAT 0777\n', 'mark\n', 'dwrite Afoo 0 4096\n', 'none\n', 'checkpoint 0\n']
			Modified sequence = [('mkdir', 'A'), ('open', 'A/foo'), 'mark', ('dwrite', ('A/foo', 'append')), ('none', '1')]
	3 : (('A/foo', 'overlap_start'),)

		Used Files = ['A/foo']
		File range = ['A', 'A/foo', 'A/bar']

		File # 13 : 0 : ('none',)
			Current Sequence = [('dwrite', ('A/foo', 'overlap_start')), ('none', '1')]inserting open for filemkdir
command string: mkdir A 0777
mkdir A 0777
open
open Afoo O_RDWR|O_CREAT 0777
command string: open Afoo O_RDWR|O_CREAT 0777
open Afoo O_RDWR|O_CREAT 0777
write
command string: write Afoo 0 4096
write Afoo 0 4096
mark
command string: mark
mark
dwrite
command string: dwrite Afoo 0 1024
dwrite Afoo 0 1024
none
command string: none
checkpoint 0
none
checkpoint 0
['# define\n', 'test\n', 'A\n', 'A/C\n', 'B\n', 'foo\n', 'bar\n', 'A/foo\n', 'A/bar\n', 'B/foo\n', 'B/bar\n', 'A/C/foo\n', 'A/C/bar\n', '\n', '# declare\n', 'local_checkpoint\n', '\n', '# setup\n', '\n', '\n', '# run\n', 'mkdir A 0777\n', 'open Afoo O_RDWR|O_CREAT 0777\n', 'write Afoo 0 4096\n', 'mark\n', 'dwrite Afoo 0 1024\n', 'none\n', 'checkpoint 0\n']
			Modified sequence = [('mkdir', 'A'), ('open', 'A/foo'), ('write', ('A/foo', 'append')), 'mark', ('dwrite', ('A/foo', 'overlap_start')), ('none', '1')]

4 : link
	0 : (('foo', 'bar'),)

		Used Files = ['bar', 'foo']
		File range = ['bar', 'test', 'foo']

		File # 14 : 0 : ('none',)
			Current Sequence = [('link', ('foo', 'bar')), ('none', '1')]inserting open for fileopen
open foo O_RDWR|O_CREAT 0777
command string: open foo O_RDWR|O_CREAT 0777
open foo O_RDWR|O_CREAT 0777
mark
command string: mark
mark
link
command string: link foo bar
link foo bar
none
command string: none
checkpoint 0
none
checkpoint 0
close
command string: close foo
close foo
['# define\n', 'test\n', 'A\n', 'A/C\n', 'B\n', 'foo\n', 'bar\n', 'A/foo\n', 'A/bar\n', 'B/foo\n', 'B/bar\n', 'A/C/foo\n', 'A/C/bar\n', '\n', '# declare\n', 'local_checkpoint\n', '\n', '# setup\n', '\n', '\n', '# run\n', 'open foo O_RDWR|O_CREAT 0777\n', 'mark\n', 'link foo bar\n', 'none\n', 'checkpoint 0\n', 'close foo\n']
			Modified sequence = [('open', 'foo'), 'mark', ('link', ('foo', 'bar')), ('none', '1'), ('close', 'foo')]
	1 : (('foo', 'A/bar'),)

		Used Files = ['A/bar', 'foo']
		File range = ['A/foo', 'foo', 'test', 'A', 'bar', 'A/bar']

		File # 15 : 0 : ('none',)
			Current Sequence = [('link', ('foo', 'A/bar')), ('none', '1')]inserting open for filemkdir
command string: mkdir A 0777
mkdir A 0777
open
open foo O_RDWR|O_CREAT 0777
command string: open foo O_RDWR|O_CREAT 0777
open foo O_RDWR|O_CREAT 0777
mark
command string: mark
mark
link
command string: link foo Abar
link foo Abar
none
command string: none
checkpoint 0
none
checkpoint 0
close
command string: close foo
close foo
['# define\n', 'test\n', 'A\n', 'A/C\n', 'B\n', 'foo\n', 'bar\n', 'A/foo\n', 'A/bar\n', 'B/foo\n', 'B/bar\n', 'A/C/foo\n', 'A/C/bar\n', '\n', '# declare\n', 'local_checkpoint\n', '\n', '# setup\n', '\n', '\n', '# run\n', 'mkdir A 0777\n', 'open foo O_RDWR|O_CREAT 0777\n', 'mark\n', 'link foo Abar\n', 'none\n', 'checkpoint 0\n', 'close foo\n']
			Modified sequence = [('mkdir', 'A'), ('open', 'foo'), 'mark', ('link', ('foo', 'A/bar')), ('none', '1'), ('close', 'foo')]
	2 : (('foo', 'AC/bar'),)

		Used Files = ['AC/bar', 'foo']
		File range = ['foo', 'AC/bar', 'AC/foo', 'test', 'bar', 'AC']

		File # 16 : 0 : ('none',)
			Current Sequence = [('link', ('foo', 'AC/bar')), ('none', '1')]inserting open for filemkdir
command string: mkdir A 0777
mkdir A 0777
mkdir
command string: mkdir AC 0777
mkdir AC 0777
open
open foo O_RDWR|O_CREAT 0777
command string: open foo O_RDWR|O_CREAT 0777
open foo O_RDWR|O_CREAT 0777
mark
command string: mark
mark
link
command string: link foo ACbar
link foo ACbar
none
command string: none
checkpoint 0
none
checkpoint 0
close
command string: close foo
close foo
['# define\n', 'test\n', 'A\n', 'A/C\n', 'B\n', 'foo\n', 'bar\n', 'A/foo\n', 'A/bar\n', 'B/foo\n', 'B/bar\n', 'A/C/foo\n', 'A/C/bar\n', '\n', '# declare\n', 'local_checkpoint\n', '\n', '# setup\n', '\n', '\n', '# run\n', 'mkdir A 0777\n', 'mkdir AC 0777\n', 'open foo O_RDWR|O_CREAT 0777\n', 'mark\n', 'link foo ACbar\n', 'none\n', 'checkpoint 0\n', 'close foo\n']
			Modified sequence = [('mkdir', 'A'), ('mkdir', 'AC'), ('open', 'foo'), 'mark', ('link', ('foo', 'AC/bar')), ('none', '1'), ('close', 'foo')]
	3 : (('A/foo', 'bar'),)

		Used Files = ['bar', 'A/foo']
		File range = ['A/foo', 'foo', 'test', 'A', 'bar', 'A/bar']

		File # 17 : 0 : ('none',)
			Current Sequence = [('link', ('A/foo', 'bar')), ('none', '1')]inserting open for filemkdir
command string: mkdir A 0777
mkdir A 0777
open
open Afoo O_RDWR|O_CREAT 0777
command string: open Afoo O_RDWR|O_CREAT 0777
open Afoo O_RDWR|O_CREAT 0777
mark
command string: mark
mark
link
command string: link Afoo bar
link Afoo bar
none
command string: none
checkpoint 0
none
checkpoint 0
close
command string: close Afoo
close Afoo
['# define\n', 'test\n', 'A\n', 'A/C\n', 'B\n', 'foo\n', 'bar\n', 'A/foo\n', 'A/bar\n', 'B/foo\n', 'B/bar\n', 'A/C/foo\n', 'A/C/bar\n', '\n', '# declare\n', 'local_checkpoint\n', '\n', '# setup\n', '\n', '\n', '# run\n', 'mkdir A 0777\n', 'open Afoo O_RDWR|O_CREAT 0777\n', 'mark\n', 'link Afoo bar\n', 'none\n', 'checkpoint 0\n', 'close Afoo\n']
			Modified sequence = [('mkdir', 'A'), ('open', 'A/foo'), 'mark', ('link', ('A/foo', 'bar')), ('none', '1'), ('close', 'A/foo')]
	4 : (('A/foo', 'A/bar'),)

		Used Files = ['A/foo', 'A/bar']
		File range = ['A', 'A/foo', 'A/bar']

		File # 18 : 0 : ('none',)
			Current Sequence = [('link', ('A/foo', 'A/bar')), ('none', '1')]inserting open for filemkdir
command string: mkdir A 0777
mkdir A 0777
open
open Afoo O_RDWR|O_CREAT 0777
command string: open Afoo O_RDWR|O_CREAT 0777
open Afoo O_RDWR|O_CREAT 0777
mark
command string: mark
mark
link
command string: link Afoo Abar
link Afoo Abar
none
command string: none
checkpoint 0
none
checkpoint 0
close
command string: close Afoo
close Afoo
['# define\n', 'test\n', 'A\n', 'A/C\n', 'B\n', 'foo\n', 'bar\n', 'A/foo\n', 'A/bar\n', 'B/foo\n', 'B/bar\n', 'A/C/foo\n', 'A/C/bar\n', '\n', '# declare\n', 'local_checkpoint\n', '\n', '# setup\n', '\n', '\n', '# run\n', 'mkdir A 0777\n', 'open Afoo O_RDWR|O_CREAT 0777\n', 'mark\n', 'link Afoo Abar\n', 'none\n', 'checkpoint 0\n', 'close Afoo\n']
			Modified sequence = [('mkdir', 'A'), ('open', 'A/foo'), 'mark', ('link', ('A/foo', 'A/bar')), ('none', '1'), ('close', 'A/foo')]
	5 : (('A/foo', 'AC/bar'),)

		Used Files = ['AC/bar', 'A/foo']
		File range = ['A/foo', 'AC/bar', 'AC/foo', 'A', 'A/bar', 'AC']

		File # 19 : 0 : ('none',)
			Current Sequence = [('link', ('A/foo', 'AC/bar')), ('none', '1')]inserting open for filemkdir
command string: mkdir A 0777
mkdir A 0777
mkdir
command string: mkdir AC 0777
mkdir AC 0777
open
open Afoo O_RDWR|O_CREAT 0777
command string: open Afoo O_RDWR|O_CREAT 0777
open Afoo O_RDWR|O_CREAT 0777
mark
command string: mark
mark
link
command string: link Afoo ACbar
link Afoo ACbar
none
command string: none
checkpoint 0
none
checkpoint 0
close
command string: close Afoo
close Afoo
['# define\n', 'test\n', 'A\n', 'A/C\n', 'B\n', 'foo\n', 'bar\n', 'A/foo\n', 'A/bar\n', 'B/foo\n', 'B/bar\n', 'A/C/foo\n', 'A/C/bar\n', '\n', '# declare\n', 'local_checkpoint\n', '\n', '# setup\n', '\n', '\n', '# run\n', 'mkdir A 0777\n', 'mkdir AC 0777\n', 'open Afoo O_RDWR|O_CREAT 0777\n', 'mark\n', 'link Afoo ACbar\n', 'none\n', 'checkpoint 0\n', 'close Afoo\n']
			Modified sequence = [('mkdir', 'A'), ('mkdir', 'AC'), ('open', 'A/foo'), 'mark', ('link', ('A/foo', 'AC/bar')), ('none', '1'), ('close', 'A/foo')]
	6 : (('bar', 'A/bar'),)

		Used Files = ['bar', 'A/bar']
		File range = ['A/foo', 'foo', 'test', 'A', 'bar', 'A/bar']

		File # 20 : 0 : ('none',)
			Current Sequence = [('link', ('bar', 'A/bar')), ('none', '1')]inserting open for filemkdir
command string: mkdir A 0777
mkdir A 0777
open
open bar O_RDWR|O_CREAT 0777
command string: open bar O_RDWR|O_CREAT 0777
open bar O_RDWR|O_CREAT 0777
mark
command string: mark
mark
link
command string: link bar Abar
link bar Abar
none
command string: none
checkpoint 0
none
checkpoint 0
close
command string: close bar
close bar
['# define\n', 'test\n', 'A\n', 'A/C\n', 'B\n', 'foo\n', 'bar\n', 'A/foo\n', 'A/bar\n', 'B/foo\n', 'B/bar\n', 'A/C/foo\n', 'A/C/bar\n', '\n', '# declare\n', 'local_checkpoint\n', '\n', '# setup\n', '\n', '\n', '# run\n', 'mkdir A 0777\n', 'open bar O_RDWR|O_CREAT 0777\n', 'mark\n', 'link bar Abar\n', 'none\n', 'checkpoint 0\n', 'close bar\n']
			Modified sequence = [('mkdir', 'A'), ('open', 'bar'), 'mark', ('link', ('bar', 'A/bar')), ('none', '1'), ('close', 'bar')]
	7 : (('bar', 'AC/bar'),)

		Used Files = ['bar', 'AC/bar']
		File range = ['foo', 'AC/foo', 'test', 'AC/bar', 'bar', 'AC']

		File # 21 : 0 : ('none',)
			Current Sequence = [('link', ('bar', 'AC/bar')), ('none', '1')]inserting open for filemkdir
command string: mkdir A 0777
mkdir A 0777
mkdir
command string: mkdir AC 0777
mkdir AC 0777
open
open bar O_RDWR|O_CREAT 0777
command string: open bar O_RDWR|O_CREAT 0777
open bar O_RDWR|O_CREAT 0777
mark
command string: mark
mark
link
command string: link bar ACbar
link bar ACbar
none
command string: none
checkpoint 0
none
checkpoint 0
close
command string: close bar
close bar
['# define\n', 'test\n', 'A\n', 'A/C\n', 'B\n', 'foo\n', 'bar\n', 'A/foo\n', 'A/bar\n', 'B/foo\n', 'B/bar\n', 'A/C/foo\n', 'A/C/bar\n', '\n', '# declare\n', 'local_checkpoint\n', '\n', '# setup\n', '\n', '\n', '# run\n', 'mkdir A 0777\n', 'mkdir AC 0777\n', 'open bar O_RDWR|O_CREAT 0777\n', 'mark\n', 'link bar ACbar\n', 'none\n', 'checkpoint 0\n', 'close bar\n']
			Modified sequence = [('mkdir', 'A'), ('mkdir', 'AC'), ('open', 'bar'), 'mark', ('link', ('bar', 'AC/bar')), ('none', '1'), ('close', 'bar')]
	8 : (('A/bar', 'bar'),)

		Used Files = ['bar', 'A/bar']
		File range = ['A/foo', 'foo', 'test', 'A', 'bar', 'A/bar']

		File # 22 : 0 : ('none',)
			Current Sequence = [('link', ('A/bar', 'bar')), ('none', '1')]inserting open for filemkdir
command string: mkdir A 0777
mkdir A 0777
open
open Abar O_RDWR|O_CREAT 0777
command string: open Abar O_RDWR|O_CREAT 0777
open Abar O_RDWR|O_CREAT 0777
mark
command string: mark
mark
link
command string: link Abar bar
link Abar bar
none
command string: none
checkpoint 0
none
checkpoint 0
close
command string: close Abar
close Abar
['# define\n', 'test\n', 'A\n', 'A/C\n', 'B\n', 'foo\n', 'bar\n', 'A/foo\n', 'A/bar\n', 'B/foo\n', 'B/bar\n', 'A/C/foo\n', 'A/C/bar\n', '\n', '# declare\n', 'local_checkpoint\n', '\n', '# setup\n', '\n', '\n', '# run\n', 'mkdir A 0777\n', 'open Abar O_RDWR|O_CREAT 0777\n', 'mark\n', 'link Abar bar\n', 'none\n', 'checkpoint 0\n', 'close Abar\n']
			Modified sequence = [('mkdir', 'A'), ('open', 'A/bar'), 'mark', ('link', ('A/bar', 'bar')), ('none', '1'), ('close', 'A/bar')]
	9 : (('A/bar', 'AC/bar'),)

		Used Files = ['AC/bar', 'A/bar']
		File range = ['A/foo', 'AC/bar', 'AC/foo', 'A', 'A/bar', 'AC']

		File # 23 : 0 : ('none',)
			Current Sequence = [('link', ('A/bar', 'AC/bar')), ('none', '1')]inserting open for filemkdir
command string: mkdir A 0777
mkdir A 0777
mkdir
command string: mkdir AC 0777
mkdir AC 0777
open
open Abar O_RDWR|O_CREAT 0777
command string: open Abar O_RDWR|O_CREAT 0777
open Abar O_RDWR|O_CREAT 0777
mark
command string: mark
mark
link
command string: link Abar ACbar
link Abar ACbar
none
command string: none
checkpoint 0
none
checkpoint 0
close
command string: close Abar
close Abar
['# define\n', 'test\n', 'A\n', 'A/C\n', 'B\n', 'foo\n', 'bar\n', 'A/foo\n', 'A/bar\n', 'B/foo\n', 'B/bar\n', 'A/C/foo\n', 'A/C/bar\n', '\n', '# declare\n', 'local_checkpoint\n', '\n', '# setup\n', '\n', '\n', '# run\n', 'mkdir A 0777\n', 'mkdir AC 0777\n', 'open Abar O_RDWR|O_CREAT 0777\n', 'mark\n', 'link Abar ACbar\n', 'none\n', 'checkpoint 0\n', 'close Abar\n']
			Modified sequence = [('mkdir', 'A'), ('mkdir', 'AC'), ('open', 'A/bar'), 'mark', ('link', ('A/bar', 'AC/bar')), ('none', '1'), ('close', 'A/bar')]
	10 : (('AC/bar', 'bar'),)

		Used Files = ['AC/bar', 'bar']
		File range = ['foo', 'AC/bar', 'AC/foo', 'test', 'bar', 'AC']

		File # 24 : 0 : ('none',)
			Current Sequence = [('link', ('AC/bar', 'bar')), ('none', '1')]inserting open for filemkdir
command string: mkdir A 0777
mkdir A 0777
mkdir
command string: mkdir AC 0777
mkdir AC 0777
open
open ACbar O_RDWR|O_CREAT 0777
command string: open ACbar O_RDWR|O_CREAT 0777
open ACbar O_RDWR|O_CREAT 0777
mark
command string: mark
mark
link
command string: link ACbar bar
link ACbar bar
none
command string: none
checkpoint 0
none
checkpoint 0
close
command string: close ACbar
close ACbar
['# define\n', 'test\n', 'A\n', 'A/C\n', 'B\n', 'foo\n', 'bar\n', 'A/foo\n', 'A/bar\n', 'B/foo\n', 'B/bar\n', 'A/C/foo\n', 'A/C/bar\n', '\n', '# declare\n', 'local_checkpoint\n', '\n', '# setup\n', '\n', '\n', '# run\n', 'mkdir A 0777\n', 'mkdir AC 0777\n', 'open ACbar O_RDWR|O_CREAT 0777\n', 'mark\n', 'link ACbar bar\n', 'none\n', 'checkpoint 0\n', 'close ACbar\n']
			Modified sequence = [('mkdir', 'A'), ('mkdir', 'AC'), ('open', 'AC/bar'), 'mark', ('link', ('AC/bar', 'bar')), ('none', '1'), ('close', 'AC/bar')]
	11 : (('AC/bar', 'A/bar'),)

		Used Files = ['AC/bar', 'A/bar']
		File range = ['A/foo', 'AC/bar', 'AC/foo', 'A', 'A/bar', 'AC']

		File # 25 : 0 : ('none',)
			Current Sequence = [('link', ('AC/bar', 'A/bar')), ('none', '1')]inserting open for filemkdir
command string: mkdir A 0777
mkdir A 0777
mkdir
command string: mkdir AC 0777
mkdir AC 0777
open
open ACbar O_RDWR|O_CREAT 0777
command string: open ACbar O_RDWR|O_CREAT 0777
open ACbar O_RDWR|O_CREAT 0777
mark
command string: mark
mark
link
command string: link ACbar Abar
link ACbar Abar
none
command string: none
checkpoint 0
none
checkpoint 0
close
command string: close ACbar
close ACbar
['# define\n', 'test\n', 'A\n', 'A/C\n', 'B\n', 'foo\n', 'bar\n', 'A/foo\n', 'A/bar\n', 'B/foo\n', 'B/bar\n', 'A/C/foo\n', 'A/C/bar\n', '\n', '# declare\n', 'local_checkpoint\n', '\n', '# setup\n', '\n', '\n', '# run\n', 'mkdir A 0777\n', 'mkdir AC 0777\n', 'open ACbar O_RDWR|O_CREAT 0777\n', 'mark\n', 'link ACbar Abar\n', 'none\n', 'checkpoint 0\n', 'close ACbar\n']
			Modified sequence = [('mkdir', 'A'), ('mkdir', 'AC'), ('open', 'AC/bar'), 'mark', ('link', ('AC/bar', 'A/bar')), ('none', '1'), ('close', 'AC/bar')]

5 : unlink
	0 : ('foo',)

		Used Files = ['foo']
		File range = ['bar', 'test', 'foo']

		File # 26 : 0 : ('none',)
			Current Sequence = [('unlink', 'foo'), ('none', '1')]inserting open for fileopen
open foo O_RDWR|O_CREAT 0777
command string: open foo O_RDWR|O_CREAT 0777
open foo O_RDWR|O_CREAT 0777
close
command string: close foo
close foo
mark
command string: mark
mark
unlink
command string: unlink foo
unlink foo
none
command string: none
checkpoint 0
none
checkpoint 0
['# define\n', 'test\n', 'A\n', 'A/C\n', 'B\n', 'foo\n', 'bar\n', 'A/foo\n', 'A/bar\n', 'B/foo\n', 'B/bar\n', 'A/C/foo\n', 'A/C/bar\n', '\n', '# declare\n', 'local_checkpoint\n', '\n', '# setup\n', '\n', '\n', '# run\n', 'open foo O_RDWR|O_CREAT 0777\n', 'close foo\n', 'mark\n', 'unlink foo\n', 'none\n', 'checkpoint 0\n']
			Modified sequence = [('open', 'foo'), ('close', 'foo'), 'mark', ('unlink', 'foo'), ('none', '1')]
	1 : ('A/foo',)

		Used Files = ['A/foo']
		File range = ['A', 'A/foo', 'A/bar']

		File # 27 : 0 : ('none',)
			Current Sequence = [('unlink', 'A/foo'), ('none', '1')]inserting open for filemkdir
command string: mkdir A 0777
mkdir A 0777
open
open Afoo O_RDWR|O_CREAT 0777
command string: open Afoo O_RDWR|O_CREAT 0777
open Afoo O_RDWR|O_CREAT 0777
close
command string: close Afoo
close Afoo
mark
command string: mark
mark
unlink
command string: unlink Afoo
unlink Afoo
none
command string: none
checkpoint 0
none
checkpoint 0
['# define\n', 'test\n', 'A\n', 'A/C\n', 'B\n', 'foo\n', 'bar\n', 'A/foo\n', 'A/bar\n', 'B/foo\n', 'B/bar\n', 'A/C/foo\n', 'A/C/bar\n', '\n', '# declare\n', 'local_checkpoint\n', '\n', '# setup\n', '\n', '\n', '# run\n', 'mkdir A 0777\n', 'open Afoo O_RDWR|O_CREAT 0777\n', 'close Afoo\n', 'mark\n', 'unlink Afoo\n', 'none\n', 'checkpoint 0\n']
			Modified sequence = [('mkdir', 'A'), ('open', 'A/foo'), ('close', 'A/foo'), 'mark', ('unlink', 'A/foo'), ('none', '1')]
	2 : ('bar',)

		Used Files = ['bar']
		File range = ['bar', 'test', 'foo']

		File # 28 : 0 : ('none',)
			Current Sequence = [('unlink', 'bar'), ('none', '1')]inserting open for fileopen
open bar O_RDWR|O_CREAT 0777
command string: open bar O_RDWR|O_CREAT 0777
open bar O_RDWR|O_CREAT 0777
close
command string: close bar
close bar
mark
command string: mark
mark
unlink
command string: unlink bar
unlink bar
none
command string: none
checkpoint 0
none
checkpoint 0
['# define\n', 'test\n', 'A\n', 'A/C\n', 'B\n', 'foo\n', 'bar\n', 'A/foo\n', 'A/bar\n', 'B/foo\n', 'B/bar\n', 'A/C/foo\n', 'A/C/bar\n', '\n', '# declare\n', 'local_checkpoint\n', '\n', '# setup\n', '\n', '\n', '# run\n', 'open bar O_RDWR|O_CREAT 0777\n', 'close bar\n', 'mark\n', 'unlink bar\n', 'none\n', 'checkpoint 0\n']
			Modified sequence = [('open', 'bar'), ('close', 'bar'), 'mark', ('unlink', 'bar'), ('none', '1')]
	3 : ('A/bar',)

		Used Files = ['A/bar']
		File range = ['A', 'A/foo', 'A/bar']

		File # 29 : 0 : ('none',)
			Current Sequence = [('unlink', 'A/bar'), ('none', '1')]inserting open for filemkdir
command string: mkdir A 0777
mkdir A 0777
open
open Abar O_RDWR|O_CREAT 0777
command string: open Abar O_RDWR|O_CREAT 0777
open Abar O_RDWR|O_CREAT 0777
close
command string: close Abar
close Abar
mark
command string: mark
mark
unlink
command string: unlink Abar
unlink Abar
none
command string: none
checkpoint 0
none
checkpoint 0
['# define\n', 'test\n', 'A\n', 'A/C\n', 'B\n', 'foo\n', 'bar\n', 'A/foo\n', 'A/bar\n', 'B/foo\n', 'B/bar\n', 'A/C/foo\n', 'A/C/bar\n', '\n', '# declare\n', 'local_checkpoint\n', '\n', '# setup\n', '\n', '\n', '# run\n', 'mkdir A 0777\n', 'open Abar O_RDWR|O_CREAT 0777\n', 'close Abar\n', 'mark\n', 'unlink Abar\n', 'none\n', 'checkpoint 0\n']
			Modified sequence = [('mkdir', 'A'), ('open', 'A/bar'), ('close', 'A/bar'), 'mark', ('unlink', 'A/bar'), ('none', '1')]
	4 : ('AC/bar',)

		Used Files = ['AC/bar']
		File range = ['AC/bar', 'AC/foo', 'AC']

		File # 30 : 0 : ('none',)
			Current Sequence = [('unlink', 'AC/bar'), ('none', '1')]inserting open for filemkdir
command string: mkdir A 0777
mkdir A 0777
mkdir
command string: mkdir AC 0777
mkdir AC 0777
open
open ACbar O_RDWR|O_CREAT 0777
command string: open ACbar O_RDWR|O_CREAT 0777
open ACbar O_RDWR|O_CREAT 0777
close
command string: close ACbar
close ACbar
mark
command string: mark
mark
unlink
command string: unlink ACbar
unlink ACbar
none
command string: none
checkpoint 0
none
checkpoint 0
['# define\n', 'test\n', 'A\n', 'A/C\n', 'B\n', 'foo\n', 'bar\n', 'A/foo\n', 'A/bar\n', 'B/foo\n', 'B/bar\n', 'A/C/foo\n', 'A/C/bar\n', '\n', '# declare\n', 'local_checkpoint\n', '\n', '# setup\n', '\n', '\n', '# run\n', 'mkdir A 0777\n', 'mkdir AC 0777\n', 'open ACbar O_RDWR|O_CREAT 0777\n', 'close ACbar\n', 'mark\n', 'unlink ACbar\n', 'none\n', 'checkpoint 0\n']
			Modified sequence = [('mkdir', 'A'), ('mkdir', 'AC'), ('open', 'AC/bar'), ('close', 'AC/bar'), 'mark', ('unlink', 'AC/bar'), ('none', '1')]

6 : remove
	0 : ('foo',)

		Used Files = ['foo']
		File range = ['bar', 'test', 'foo']

		File # 31 : 0 : ('none',)
			Current Sequence = [('remove', 'foo'), ('none', '1')]inserting open for fileopen
open foo O_RDWR|O_CREAT 0777
command string: open foo O_RDWR|O_CREAT 0777
open foo O_RDWR|O_CREAT 0777
close
command string: close foo
close foo
mark
command string: mark
mark
remove
command string: remove foo
remove foo
none
command string: none
checkpoint 0
none
checkpoint 0
['# define\n', 'test\n', 'A\n', 'A/C\n', 'B\n', 'foo\n', 'bar\n', 'A/foo\n', 'A/bar\n', 'B/foo\n', 'B/bar\n', 'A/C/foo\n', 'A/C/bar\n', '\n', '# declare\n', 'local_checkpoint\n', '\n', '# setup\n', '\n', '\n', '# run\n', 'open foo O_RDWR|O_CREAT 0777\n', 'close foo\n', 'mark\n', 'remove foo\n', 'none\n', 'checkpoint 0\n']
			Modified sequence = [('open', 'foo'), ('close', 'foo'), 'mark', ('remove', 'foo'), ('none', '1')]
	1 : ('A/foo',)

		Used Files = ['A/foo']
		File range = ['A', 'A/foo', 'A/bar']

		File # 32 : 0 : ('none',)
			Current Sequence = [('remove', 'A/foo'), ('none', '1')]inserting open for filemkdir
command string: mkdir A 0777
mkdir A 0777
open
open Afoo O_RDWR|O_CREAT 0777
command string: open Afoo O_RDWR|O_CREAT 0777
open Afoo O_RDWR|O_CREAT 0777
close
command string: close Afoo
close Afoo
mark
command string: mark
mark
remove
command string: remove Afoo
remove Afoo
none
command string: none
checkpoint 0
none
checkpoint 0
['# define\n', 'test\n', 'A\n', 'A/C\n', 'B\n', 'foo\n', 'bar\n', 'A/foo\n', 'A/bar\n', 'B/foo\n', 'B/bar\n', 'A/C/foo\n', 'A/C/bar\n', '\n', '# declare\n', 'local_checkpoint\n', '\n', '# setup\n', '\n', '\n', '# run\n', 'mkdir A 0777\n', 'open Afoo O_RDWR|O_CREAT 0777\n', 'close Afoo\n', 'mark\n', 'remove Afoo\n', 'none\n', 'checkpoint 0\n']
			Modified sequence = [('mkdir', 'A'), ('open', 'A/foo'), ('close', 'A/foo'), 'mark', ('remove', 'A/foo'), ('none', '1')]
	2 : ('bar',)

		Used Files = ['bar']
		File range = ['bar', 'test', 'foo']

		File # 33 : 0 : ('none',)
			Current Sequence = [('remove', 'bar'), ('none', '1')]inserting open for fileopen
open bar O_RDWR|O_CREAT 0777
command string: open bar O_RDWR|O_CREAT 0777
open bar O_RDWR|O_CREAT 0777
close
command string: close bar
close bar
mark
command string: mark
mark
remove
command string: remove bar
remove bar
none
command string: none
checkpoint 0
none
checkpoint 0
['# define\n', 'test\n', 'A\n', 'A/C\n', 'B\n', 'foo\n', 'bar\n', 'A/foo\n', 'A/bar\n', 'B/foo\n', 'B/bar\n', 'A/C/foo\n', 'A/C/bar\n', '\n', '# declare\n', 'local_checkpoint\n', '\n', '# setup\n', '\n', '\n', '# run\n', 'open bar O_RDWR|O_CREAT 0777\n', 'close bar\n', 'mark\n', 'remove bar\n', 'none\n', 'checkpoint 0\n']
			Modified sequence = [('open', 'bar'), ('close', 'bar'), 'mark', ('remove', 'bar'), ('none', '1')]
	3 : ('A/bar',)

		Used Files = ['A/bar']
		File range = ['A', 'A/foo', 'A/bar']

		File # 34 : 0 : ('none',)
			Current Sequence = [('remove', 'A/bar'), ('none', '1')]inserting open for filemkdir
command string: mkdir A 0777
mkdir A 0777
open
open Abar O_RDWR|O_CREAT 0777
command string: open Abar O_RDWR|O_CREAT 0777
open Abar O_RDWR|O_CREAT 0777
close
command string: close Abar
close Abar
mark
command string: mark
mark
remove
command string: remove Abar
remove Abar
none
command string: none
checkpoint 0
none
checkpoint 0
['# define\n', 'test\n', 'A\n', 'A/C\n', 'B\n', 'foo\n', 'bar\n', 'A/foo\n', 'A/bar\n', 'B/foo\n', 'B/bar\n', 'A/C/foo\n', 'A/C/bar\n', '\n', '# declare\n', 'local_checkpoint\n', '\n', '# setup\n', '\n', '\n', '# run\n', 'mkdir A 0777\n', 'open Abar O_RDWR|O_CREAT 0777\n', 'close Abar\n', 'mark\n', 'remove Abar\n', 'none\n', 'checkpoint 0\n']
			Modified sequence = [('mkdir', 'A'), ('open', 'A/bar'), ('close', 'A/bar'), 'mark', ('remove', 'A/bar'), ('none', '1')]
	4 : ('AC/bar',)

		Used Files = ['AC/bar']
		File range = ['AC/bar', 'AC/foo', 'AC']

		File # 35 : 0 : ('none',)
			Current Sequence = [('remove', 'AC/bar'), ('none', '1')]inserting open for filemkdir
command string: mkdir A 0777
mkdir A 0777
mkdir
command string: mkdir AC 0777
mkdir AC 0777
open
open ACbar O_RDWR|O_CREAT 0777
command string: open ACbar O_RDWR|O_CREAT 0777
open ACbar O_RDWR|O_CREAT 0777
close
command string: close ACbar
close ACbar
mark
command string: mark
mark
remove
command string: remove ACbar
remove ACbar
none
command string: none
checkpoint 0
none
checkpoint 0
['# define\n', 'test\n', 'A\n', 'A/C\n', 'B\n', 'foo\n', 'bar\n', 'A/foo\n', 'A/bar\n', 'B/foo\n', 'B/bar\n', 'A/C/foo\n', 'A/C/bar\n', '\n', '# declare\n', 'local_checkpoint\n', '\n', '# setup\n', '\n', '\n', '# run\n', 'mkdir A 0777\n', 'mkdir AC 0777\n', 'open ACbar O_RDWR|O_CREAT 0777\n', 'close ACbar\n', 'mark\n', 'remove ACbar\n', 'none\n', 'checkpoint 0\n']
			Modified sequence = [('mkdir', 'A'), ('mkdir', 'AC'), ('open', 'AC/bar'), ('close', 'AC/bar'), 'mark', ('remove', 'AC/bar'), ('none', '1')]

7 : rename
	0 : (('foo', 'bar'),)

		Used Files = ['bar', 'foo']
		File range = ['bar', 'test', 'foo']

		File # 36 : 0 : ('none',)
			Current Sequence = [('rename', ('foo', 'bar')), ('none', '1')]inserting open for fileopen
open foo O_RDWR|O_CREAT 0777
command string: open foo O_RDWR|O_CREAT 0777
open foo O_RDWR|O_CREAT 0777
close
command string: close foo
close foo
mark
command string: mark
mark
rename
command string: rename foo bar
rename foo bar
none
command string: none
checkpoint 0
none
checkpoint 0
['# define\n', 'test\n', 'A\n', 'A/C\n', 'B\n', 'foo\n', 'bar\n', 'A/foo\n', 'A/bar\n', 'B/foo\n', 'B/bar\n', 'A/C/foo\n', 'A/C/bar\n', '\n', '# declare\n', 'local_checkpoint\n', '\n', '# setup\n', '\n', '\n', '# run\n', 'open foo O_RDWR|O_CREAT 0777\n', 'close foo\n', 'mark\n', 'rename foo bar\n', 'none\n', 'checkpoint 0\n']
			Modified sequence = [('open', 'foo'), ('close', 'foo'), 'mark', ('rename', ('foo', 'bar')), ('none', '1')]
	1 : (('foo', 'A/bar'),)

		Used Files = ['A/bar', 'foo']
		File range = ['A/foo', 'foo', 'test', 'A', 'bar', 'A/bar']

		File # 37 : 0 : ('none',)
			Current Sequence = [('rename', ('foo', 'A/bar')), ('none', '1')]inserting open for filemkdir
command string: mkdir A 0777
mkdir A 0777
open
open foo O_RDWR|O_CREAT 0777
command string: open foo O_RDWR|O_CREAT 0777
open foo O_RDWR|O_CREAT 0777
close
command string: close foo
close foo
mark
command string: mark
mark
rename
command string: rename foo Abar
rename foo Abar
none
command string: none
checkpoint 0
none
checkpoint 0
['# define\n', 'test\n', 'A\n', 'A/C\n', 'B\n', 'foo\n', 'bar\n', 'A/foo\n', 'A/bar\n', 'B/foo\n', 'B/bar\n', 'A/C/foo\n', 'A/C/bar\n', '\n', '# declare\n', 'local_checkpoint\n', '\n', '# setup\n', '\n', '\n', '# run\n', 'mkdir A 0777\n', 'open foo O_RDWR|O_CREAT 0777\n', 'close foo\n', 'mark\n', 'rename foo Abar\n', 'none\n', 'checkpoint 0\n']
			Modified sequence = [('mkdir', 'A'), ('open', 'foo'), ('close', 'foo'), 'mark', ('rename', ('foo', 'A/bar')), ('none', '1')]
	2 : (('foo', 'AC/bar'),)

		Used Files = ['AC/bar', 'foo']
		File range = ['foo', 'AC/bar', 'AC/foo', 'test', 'bar', 'AC']

		File # 38 : 0 : ('none',)
			Current Sequence = [('rename', ('foo', 'AC/bar')), ('none', '1')]inserting open for filemkdir
command string: mkdir A 0777
mkdir A 0777
mkdir
command string: mkdir AC 0777
mkdir AC 0777
open
open foo O_RDWR|O_CREAT 0777
command string: open foo O_RDWR|O_CREAT 0777
open foo O_RDWR|O_CREAT 0777
close
command string: close foo
close foo
mark
command string: mark
mark
rename
command string: rename foo ACbar
rename foo ACbar
none
command string: none
checkpoint 0
none
checkpoint 0
['# define\n', 'test\n', 'A\n', 'A/C\n', 'B\n', 'foo\n', 'bar\n', 'A/foo\n', 'A/bar\n', 'B/foo\n', 'B/bar\n', 'A/C/foo\n', 'A/C/bar\n', '\n', '# declare\n', 'local_checkpoint\n', '\n', '# setup\n', '\n', '\n', '# run\n', 'mkdir A 0777\n', 'mkdir AC 0777\n', 'open foo O_RDWR|O_CREAT 0777\n', 'close foo\n', 'mark\n', 'rename foo ACbar\n', 'none\n', 'checkpoint 0\n']
			Modified sequence = [('mkdir', 'A'), ('mkdir', 'AC'), ('open', 'foo'), ('close', 'foo'), 'mark', ('rename', ('foo', 'AC/bar')), ('none', '1')]
	3 : (('A/foo', 'bar'),)

		Used Files = ['bar', 'A/foo']
		File range = ['A/foo', 'foo', 'test', 'A', 'bar', 'A/bar']

		File # 39 : 0 : ('none',)
			Current Sequence = [('rename', ('A/foo', 'bar')), ('none', '1')]inserting open for filemkdir
command string: mkdir A 0777
mkdir A 0777
open
open Afoo O_RDWR|O_CREAT 0777
command string: open Afoo O_RDWR|O_CREAT 0777
open Afoo O_RDWR|O_CREAT 0777
close
command string: close Afoo
close Afoo
mark
command string: mark
mark
rename
command string: rename Afoo bar
rename Afoo bar
none
command string: none
checkpoint 0
none
checkpoint 0
['# define\n', 'test\n', 'A\n', 'A/C\n', 'B\n', 'foo\n', 'bar\n', 'A/foo\n', 'A/bar\n', 'B/foo\n', 'B/bar\n', 'A/C/foo\n', 'A/C/bar\n', '\n', '# declare\n', 'local_checkpoint\n', '\n', '# setup\n', '\n', '\n', '# run\n', 'mkdir A 0777\n', 'open Afoo O_RDWR|O_CREAT 0777\n', 'close Afoo\n', 'mark\n', 'rename Afoo bar\n', 'none\n', 'checkpoint 0\n']
			Modified sequence = [('mkdir', 'A'), ('open', 'A/foo'), ('close', 'A/foo'), 'mark', ('rename', ('A/foo', 'bar')), ('none', '1')]
	4 : (('A/foo', 'A/bar'),)

		Used Files = ['A/foo', 'A/bar']
		File range = ['A', 'A/foo', 'A/bar']

		File # 40 : 0 : ('none',)
			Current Sequence = [('rename', ('A/foo', 'A/bar')), ('none', '1')]inserting open for filemkdir
command string: mkdir A 0777
mkdir A 0777
open
open Afoo O_RDWR|O_CREAT 0777
command string: open Afoo O_RDWR|O_CREAT 0777
open Afoo O_RDWR|O_CREAT 0777
close
command string: close Afoo
close Afoo
mark
command string: mark
mark
rename
command string: rename Afoo Abar
rename Afoo Abar
none
command string: none
checkpoint 0
none
checkpoint 0
['# define\n', 'test\n', 'A\n', 'A/C\n', 'B\n', 'foo\n', 'bar\n', 'A/foo\n', 'A/bar\n', 'B/foo\n', 'B/bar\n', 'A/C/foo\n', 'A/C/bar\n', '\n', '# declare\n', 'local_checkpoint\n', '\n', '# setup\n', '\n', '\n', '# run\n', 'mkdir A 0777\n', 'open Afoo O_RDWR|O_CREAT 0777\n', 'close Afoo\n', 'mark\n', 'rename Afoo Abar\n', 'none\n', 'checkpoint 0\n']
			Modified sequence = [('mkdir', 'A'), ('open', 'A/foo'), ('close', 'A/foo'), 'mark', ('rename', ('A/foo', 'A/bar')), ('none', '1')]
	5 : (('A/foo', 'AC/bar'),)

		Used Files = ['AC/bar', 'A/foo']
		File range = ['A/foo', 'AC/bar', 'AC/foo', 'A', 'A/bar', 'AC']

		File # 41 : 0 : ('none',)
			Current Sequence = [('rename', ('A/foo', 'AC/bar')), ('none', '1')]inserting open for filemkdir
command string: mkdir A 0777
mkdir A 0777
mkdir
command string: mkdir AC 0777
mkdir AC 0777
open
open Afoo O_RDWR|O_CREAT 0777
command string: open Afoo O_RDWR|O_CREAT 0777
open Afoo O_RDWR|O_CREAT 0777
close
command string: close Afoo
close Afoo
mark
command string: mark
mark
rename
command string: rename Afoo ACbar
rename Afoo ACbar
none
command string: none
checkpoint 0
none
checkpoint 0
['# define\n', 'test\n', 'A\n', 'A/C\n', 'B\n', 'foo\n', 'bar\n', 'A/foo\n', 'A/bar\n', 'B/foo\n', 'B/bar\n', 'A/C/foo\n', 'A/C/bar\n', '\n', '# declare\n', 'local_checkpoint\n', '\n', '# setup\n', '\n', '\n', '# run\n', 'mkdir A 0777\n', 'mkdir AC 0777\n', 'open Afoo O_RDWR|O_CREAT 0777\n', 'close Afoo\n', 'mark\n', 'rename Afoo ACbar\n', 'none\n', 'checkpoint 0\n']
			Modified sequence = [('mkdir', 'A'), ('mkdir', 'AC'), ('open', 'A/foo'), ('close', 'A/foo'), 'mark', ('rename', ('A/foo', 'AC/bar')), ('none', '1')]
	6 : (('bar', 'A/bar'),)

		Used Files = ['bar', 'A/bar']
		File range = ['A/foo', 'foo', 'test', 'A', 'bar', 'A/bar']

		File # 42 : 0 : ('none',)
			Current Sequence = [('rename', ('bar', 'A/bar')), ('none', '1')]inserting open for filemkdir
command string: mkdir A 0777
mkdir A 0777
open
open bar O_RDWR|O_CREAT 0777
command string: open bar O_RDWR|O_CREAT 0777
open bar O_RDWR|O_CREAT 0777
close
command string: close bar
close bar
mark
command string: mark
mark
rename
command string: rename bar Abar
rename bar Abar
none
command string: none
checkpoint 0
none
checkpoint 0
['# define\n', 'test\n', 'A\n', 'A/C\n', 'B\n', 'foo\n', 'bar\n', 'A/foo\n', 'A/bar\n', 'B/foo\n', 'B/bar\n', 'A/C/foo\n', 'A/C/bar\n', '\n', '# declare\n', 'local_checkpoint\n', '\n', '# setup\n', '\n', '\n', '# run\n', 'mkdir A 0777\n', 'open bar O_RDWR|O_CREAT 0777\n', 'close bar\n', 'mark\n', 'rename bar Abar\n', 'none\n', 'checkpoint 0\n']
			Modified sequence = [('mkdir', 'A'), ('open', 'bar'), ('close', 'bar'), 'mark', ('rename', ('bar', 'A/bar')), ('none', '1')]
	7 : (('bar', 'AC/bar'),)

		Used Files = ['bar', 'AC/bar']
		File range = ['foo', 'AC/foo', 'test', 'AC/bar', 'bar', 'AC']

		File # 43 : 0 : ('none',)
			Current Sequence = [('rename', ('bar', 'AC/bar')), ('none', '1')]inserting open for filemkdir
command string: mkdir A 0777
mkdir A 0777
mkdir
command string: mkdir AC 0777
mkdir AC 0777
open
open bar O_RDWR|O_CREAT 0777
command string: open bar O_RDWR|O_CREAT 0777
open bar O_RDWR|O_CREAT 0777
close
command string: close bar
close bar
mark
command string: mark
mark
rename
command string: rename bar ACbar
rename bar ACbar
none
command string: none
checkpoint 0
none
checkpoint 0
['# define\n', 'test\n', 'A\n', 'A/C\n', 'B\n', 'foo\n', 'bar\n', 'A/foo\n', 'A/bar\n', 'B/foo\n', 'B/bar\n', 'A/C/foo\n', 'A/C/bar\n', '\n', '# declare\n', 'local_checkpoint\n', '\n', '# setup\n', '\n', '\n', '# run\n', 'mkdir A 0777\n', 'mkdir AC 0777\n', 'open bar O_RDWR|O_CREAT 0777\n', 'close bar\n', 'mark\n', 'rename bar ACbar\n', 'none\n', 'checkpoint 0\n']
			Modified sequence = [('mkdir', 'A'), ('mkdir', 'AC'), ('open', 'bar'), ('close', 'bar'), 'mark', ('rename', ('bar', 'AC/bar')), ('none', '1')]
	8 : (('A/bar', 'bar'),)

		Used Files = ['bar', 'A/bar']
		File range = ['A/foo', 'foo', 'test', 'A', 'bar', 'A/bar']

		File # 44 : 0 : ('none',)
			Current Sequence = [('rename', ('A/bar', 'bar')), ('none', '1')]inserting open for filemkdir
command string: mkdir A 0777
mkdir A 0777
open
open Abar O_RDWR|O_CREAT 0777
command string: open Abar O_RDWR|O_CREAT 0777
open Abar O_RDWR|O_CREAT 0777
close
command string: close Abar
close Abar
mark
command string: mark
mark
rename
command string: rename Abar bar
rename Abar bar
none
command string: none
checkpoint 0
none
checkpoint 0
['# define\n', 'test\n', 'A\n', 'A/C\n', 'B\n', 'foo\n', 'bar\n', 'A/foo\n', 'A/bar\n', 'B/foo\n', 'B/bar\n', 'A/C/foo\n', 'A/C/bar\n', '\n', '# declare\n', 'local_checkpoint\n', '\n', '# setup\n', '\n', '\n', '# run\n', 'mkdir A 0777\n', 'open Abar O_RDWR|O_CREAT 0777\n', 'close Abar\n', 'mark\n', 'rename Abar bar\n', 'none\n', 'checkpoint 0\n']
			Modified sequence = [('mkdir', 'A'), ('open', 'A/bar'), ('close', 'A/bar'), 'mark', ('rename', ('A/bar', 'bar')), ('none', '1')]
	9 : (('A/bar', 'AC/bar'),)

		Used Files = ['AC/bar', 'A/bar']
		File range = ['A/foo', 'AC/bar', 'AC/foo', 'A', 'A/bar', 'AC']

		File # 45 : 0 : ('none',)
			Current Sequence = [('rename', ('A/bar', 'AC/bar')), ('none', '1')]inserting open for filemkdir
command string: mkdir A 0777
mkdir A 0777
mkdir
command string: mkdir AC 0777
mkdir AC 0777
open
open Abar O_RDWR|O_CREAT 0777
command string: open Abar O_RDWR|O_CREAT 0777
open Abar O_RDWR|O_CREAT 0777
close
command string: close Abar
close Abar
mark
command string: mark
mark
rename
command string: rename Abar ACbar
rename Abar ACbar
none
command string: none
checkpoint 0
none
checkpoint 0
['# define\n', 'test\n', 'A\n', 'A/C\n', 'B\n', 'foo\n', 'bar\n', 'A/foo\n', 'A/bar\n', 'B/foo\n', 'B/bar\n', 'A/C/foo\n', 'A/C/bar\n', '\n', '# declare\n', 'local_checkpoint\n', '\n', '# setup\n', '\n', '\n', '# run\n', 'mkdir A 0777\n', 'mkdir AC 0777\n', 'open Abar O_RDWR|O_CREAT 0777\n', 'close Abar\n', 'mark\n', 'rename Abar ACbar\n', 'none\n', 'checkpoint 0\n']
			Modified sequence = [('mkdir', 'A'), ('mkdir', 'AC'), ('open', 'A/bar'), ('close', 'A/bar'), 'mark', ('rename', ('A/bar', 'AC/bar')), ('none', '1')]
	10 : (('AC/bar', 'bar'),)

		Used Files = ['AC/bar', 'bar']
		File range = ['foo', 'AC/bar', 'AC/foo', 'test', 'bar', 'AC']

		File # 46 : 0 : ('none',)
			Current Sequence = [('rename', ('AC/bar', 'bar')), ('none', '1')]inserting open for filemkdir
command string: mkdir A 0777
mkdir A 0777
mkdir
command string: mkdir AC 0777
mkdir AC 0777
open
open ACbar O_RDWR|O_CREAT 0777
command string: open ACbar O_RDWR|O_CREAT 0777
open ACbar O_RDWR|O_CREAT 0777
close
command string: close ACbar
close ACbar
mark
command string: mark
mark
rename
command string: rename ACbar bar
rename ACbar bar
none
command string: none
checkpoint 0
none
checkpoint 0
['# define\n', 'test\n', 'A\n', 'A/C\n', 'B\n', 'foo\n', 'bar\n', 'A/foo\n', 'A/bar\n', 'B/foo\n', 'B/bar\n', 'A/C/foo\n', 'A/C/bar\n', '\n', '# declare\n', 'local_checkpoint\n', '\n', '# setup\n', '\n', '\n', '# run\n', 'mkdir A 0777\n', 'mkdir AC 0777\n', 'open ACbar O_RDWR|O_CREAT 0777\n', 'close ACbar\n', 'mark\n', 'rename ACbar bar\n', 'none\n', 'checkpoint 0\n']
			Modified sequence = [('mkdir', 'A'), ('mkdir', 'AC'), ('open', 'AC/bar'), ('close', 'AC/bar'), 'mark', ('rename', ('AC/bar', 'bar')), ('none', '1')]
	11 : (('AC/bar', 'A/bar'),)

		Used Files = ['AC/bar', 'A/bar']
		File range = ['A/foo', 'AC/bar', 'AC/foo', 'A', 'A/bar', 'AC']

		File # 47 : 0 : ('none',)
			Current Sequence = [('rename', ('AC/bar', 'A/bar')), ('none', '1')]inserting open for filemkdir
command string: mkdir A 0777
mkdir A 0777
mkdir
command string: mkdir AC 0777
mkdir AC 0777
open
open ACbar O_RDWR|O_CREAT 0777
command string: open ACbar O_RDWR|O_CREAT 0777
open ACbar O_RDWR|O_CREAT 0777
close
command string: close ACbar
close ACbar
mark
command string: mark
mark
rename
command string: rename ACbar Abar
rename ACbar Abar
none
command string: none
checkpoint 0
none
checkpoint 0
['# define\n', 'test\n', 'A\n', 'A/C\n', 'B\n', 'foo\n', 'bar\n', 'A/foo\n', 'A/bar\n', 'B/foo\n', 'B/bar\n', 'A/C/foo\n', 'A/C/bar\n', '\n', '# declare\n', 'local_checkpoint\n', '\n', '# setup\n', '\n', '\n', '# run\n', 'mkdir A 0777\n', 'mkdir AC 0777\n', 'open ACbar O_RDWR|O_CREAT 0777\n', 'close ACbar\n', 'mark\n', 'rename ACbar Abar\n', 'none\n', 'checkpoint 0\n']
			Modified sequence = [('mkdir', 'A'), ('mkdir', 'AC'), ('open', 'AC/bar'), ('close', 'AC/bar'), 'mark', ('rename', ('AC/bar', 'A/bar')), ('none', '1')]
	12 : (('A', 'B'),)

		Used Files = ['A', 'B']
		File range = ['A', 'B', 'test']

		File # 48 : 0 : ('none',)
			Current Sequence = [('rename', ('A', 'B')), ('none', '1')]mkdir
command string: mkdir A 0777
mkdir A 0777
open
opendir A 0777
command string: opendir A 0777
opendir A 0777
close
command string: close A
close A
mark
command string: mark
mark
rename
command string: rename A B
rename A B
none
command string: none
checkpoint 0
none
checkpoint 0
['# define\n', 'test\n', 'A\n', 'A/C\n', 'B\n', 'foo\n', 'bar\n', 'A/foo\n', 'A/bar\n', 'B/foo\n', 'B/bar\n', 'A/C/foo\n', 'A/C/bar\n', '\n', '# declare\n', 'local_checkpoint\n', '\n', '# setup\n', '\n', '\n', '# run\n', 'mkdir A 0777\n', 'opendir A 0777\n', 'close A\n', 'mark\n', 'rename A B\n', 'none\n', 'checkpoint 0\n']
			Modified sequence = [('mkdir', 'A'), ('open', 'A'), ('close', 'A'), 'mark', ('rename', ('A', 'B')), ('none', '1')]
	13 : (('A', 'AC'),)

		Used Files = ['A', 'AC']
		File range = ['A', 'B', 'AC', 'test']

		File # 49 : 0 : ('none',)
			Current Sequence = [('rename', ('A', 'AC')), ('none', '1')]mkdir
command string: mkdir A 0777
mkdir A 0777
open
opendir A 0777
command string: opendir A 0777
opendir A 0777
close
command string: close A
close A
mark
command string: mark
mark
rename
command string: rename A AC
rename A AC
none
command string: none
checkpoint 0
none
checkpoint 0
['# define\n', 'test\n', 'A\n', 'A/C\n', 'B\n', 'foo\n', 'bar\n', 'A/foo\n', 'A/bar\n', 'B/foo\n', 'B/bar\n', 'A/C/foo\n', 'A/C/bar\n', '\n', '# declare\n', 'local_checkpoint\n', '\n', '# setup\n', '\n', '\n', '# run\n', 'mkdir A 0777\n', 'opendir A 0777\n', 'close A\n', 'mark\n', 'rename A AC\n', 'none\n', 'checkpoint 0\n']
			Modified sequence = [('mkdir', 'A'), ('open', 'A'), ('close', 'A'), 'mark', ('rename', ('A', 'AC')), ('none', '1')]
	14 : (('B', 'AC'),)

		Used Files = ['B', 'AC']
		File range = ['A', 'B', 'AC', 'test']

		File # 50 : 0 : ('none',)
			Current Sequence = [('rename', ('B', 'AC')), ('none', '1')]mkdir
command string: mkdir A 0777
mkdir A 0777
mkdir
command string: mkdir B 0777
mkdir B 0777
open
opendir B 0777
command string: opendir B 0777
opendir B 0777
close
command string: close B
close B
mark
command string: mark
mark
rename
command string: rename B AC
rename B AC
none
command string: none
checkpoint 0
none
checkpoint 0
['# define\n', 'test\n', 'A\n', 'A/C\n', 'B\n', 'foo\n', 'bar\n', 'A/foo\n', 'A/bar\n', 'B/foo\n', 'B/bar\n', 'A/C/foo\n', 'A/C/bar\n', '\n', '# declare\n', 'local_checkpoint\n', '\n', '# setup\n', '\n', '\n', '# run\n', 'mkdir A 0777\n', 'mkdir B 0777\n', 'opendir B 0777\n', 'close B\n', 'mark\n', 'rename B AC\n', 'none\n', 'checkpoint 0\n']
			Modified sequence = [('mkdir', 'A'), ('mkdir', 'B'), ('open', 'B'), ('close', 'B'), 'mark', ('rename', ('B', 'AC')), ('none', '1')]
	15 : (('AC', 'B'),)

		Used Files = ['B', 'AC']
		File range = ['A', 'B', 'AC', 'test']

		File # 51 : 0 : ('none',)
			Current Sequence = [('rename', ('AC', 'B')), ('none', '1')]mkdir
command string: mkdir A 0777
mkdir A 0777
mkdir
command string: mkdir AC 0777
mkdir AC 0777
open
opendir AC 0777
command string: opendir AC 0777
opendir AC 0777
close
command string: close AC
close AC
mark
command string: mark
mark
rename
command string: rename AC B
rename AC B
none
command string: none
checkpoint 0
none
checkpoint 0
['# define\n', 'test\n', 'A\n', 'A/C\n', 'B\n', 'foo\n', 'bar\n', 'A/foo\n', 'A/bar\n', 'B/foo\n', 'B/bar\n', 'A/C/foo\n', 'A/C/bar\n', '\n', '# declare\n', 'local_checkpoint\n', '\n', '# setup\n', '\n', '\n', '# run\n', 'mkdir A 0777\n', 'mkdir AC 0777\n', 'opendir AC 0777\n', 'close AC\n', 'mark\n', 'rename AC B\n', 'none\n', 'checkpoint 0\n']
			Modified sequence = [('mkdir', 'A'), ('mkdir', 'AC'), ('open', 'AC'), ('close', 'AC'), 'mark', ('rename', ('AC', 'B')), ('none', '1')]

8 : truncate
	0 : (('foo', 'aligned'),)

		Used Files = ['foo']
		File range = ['bar', 'test', 'foo']

		File # 52 : 0 : ('none',)
			Current Sequence = [('truncate', ('foo', 'aligned')), ('none', '1')]inserting open for fileopen
open foo O_RDWR|O_CREAT 0777
command string: open foo O_RDWR|O_CREAT 0777
open foo O_RDWR|O_CREAT 0777
write
command string: write foo 0 4096
write foo 0 4096
mark
command string: mark
mark
truncate
command string: truncate foo 0
truncate foo 0
none
command string: none
checkpoint 0
none
checkpoint 0
close
command string: close foo
close foo
['# define\n', 'test\n', 'A\n', 'A/C\n', 'B\n', 'foo\n', 'bar\n', 'A/foo\n', 'A/bar\n', 'B/foo\n', 'B/bar\n', 'A/C/foo\n', 'A/C/bar\n', '\n', '# declare\n', 'local_checkpoint\n', '\n', '# setup\n', '\n', '\n', '# run\n', 'open foo O_RDWR|O_CREAT 0777\n', 'write foo 0 4096\n', 'mark\n', 'truncate foo 0\n', 'none\n', 'checkpoint 0\n', 'close foo\n']
			Modified sequence = [('open', 'foo'), ('write', ('foo', 'append')), 'mark', ('truncate', ('foo', 'aligned')), ('none', '1'), ('close', 'foo')]
	1 : (('foo', 'unaligned'),)

		Used Files = ['foo']
		File range = ['bar', 'test', 'foo']

		File # 53 : 0 : ('none',)
			Current Sequence = [('truncate', ('foo', 'unaligned')), ('none', '1')]inserting open for fileopen
open foo O_RDWR|O_CREAT 0777
command string: open foo O_RDWR|O_CREAT 0777
open foo O_RDWR|O_CREAT 0777
write
command string: write foo 0 4096
write foo 0 4096
mark
command string: mark
mark
truncate
command string: truncate foo 256
truncate foo 256
none
command string: none
checkpoint 0
none
checkpoint 0
close
command string: close foo
close foo
['# define\n', 'test\n', 'A\n', 'A/C\n', 'B\n', 'foo\n', 'bar\n', 'A/foo\n', 'A/bar\n', 'B/foo\n', 'B/bar\n', 'A/C/foo\n', 'A/C/bar\n', '\n', '# declare\n', 'local_checkpoint\n', '\n', '# setup\n', '\n', '\n', '# run\n', 'open foo O_RDWR|O_CREAT 0777\n', 'write foo 0 4096\n', 'mark\n', 'truncate foo 256\n', 'none\n', 'checkpoint 0\n', 'close foo\n']
			Modified sequence = [('open', 'foo'), ('write', ('foo', 'append')), 'mark', ('truncate', ('foo', 'unaligned')), ('none', '1'), ('close', 'foo')]
	2 : (('A/foo', 'aligned'),)

		Used Files = ['A/foo']
		File range = ['A', 'A/foo', 'A/bar']

		File # 54 : 0 : ('none',)
			Current Sequence = [('truncate', ('A/foo', 'aligned')), ('none', '1')]inserting open for filemkdir
command string: mkdir A 0777
mkdir A 0777
open
open Afoo O_RDWR|O_CREAT 0777
command string: open Afoo O_RDWR|O_CREAT 0777
open Afoo O_RDWR|O_CREAT 0777
write
command string: write Afoo 0 4096
write Afoo 0 4096
mark
command string: mark
mark
truncate
command string: truncate Afoo 0
truncate Afoo 0
none
command string: none
checkpoint 0
none
checkpoint 0
close
command string: close Afoo
close Afoo
['# define\n', 'test\n', 'A\n', 'A/C\n', 'B\n', 'foo\n', 'bar\n', 'A/foo\n', 'A/bar\n', 'B/foo\n', 'B/bar\n', 'A/C/foo\n', 'A/C/bar\n', '\n', '# declare\n', 'local_checkpoint\n', '\n', '# setup\n', '\n', '\n', '# run\n', 'mkdir A 0777\n', 'open Afoo O_RDWR|O_CREAT 0777\n', 'write Afoo 0 4096\n', 'mark\n', 'truncate Afoo 0\n', 'none\n', 'checkpoint 0\n', 'close Afoo\n']
			Modified sequence = [('mkdir', 'A'), ('open', 'A/foo'), ('write', ('A/foo', 'append')), 'mark', ('truncate', ('A/foo', 'aligned')), ('none', '1'), ('close', 'A/foo')]
	3 : (('A/foo', 'unaligned'),)

		Used Files = ['A/foo']
		File range = ['A', 'A/foo', 'A/bar']

		File # 55 : 0 : ('none',)
			Current Sequence = [('truncate', ('A/foo', 'unaligned')), ('none', '1')]inserting open for filemkdir
command string: mkdir A 0777
mkdir A 0777
open
open Afoo O_RDWR|O_CREAT 0777
command string: open Afoo O_RDWR|O_CREAT 0777
open Afoo O_RDWR|O_CREAT 0777
write
command string: write Afoo 0 4096
write Afoo 0 4096
mark
command string: mark
mark
truncate
command string: truncate Afoo 256
truncate Afoo 256
none
command string: none
checkpoint 0
none
checkpoint 0
close
command string: close Afoo
close Afoo
['# define\n', 'test\n', 'A\n', 'A/C\n', 'B\n', 'foo\n', 'bar\n', 'A/foo\n', 'A/bar\n', 'B/foo\n', 'B/bar\n', 'A/C/foo\n', 'A/C/bar\n', '\n', '# declare\n', 'local_checkpoint\n', '\n', '# setup\n', '\n', '\n', '# run\n', 'mkdir A 0777\n', 'open Afoo O_RDWR|O_CREAT 0777\n', 'write Afoo 0 4096\n', 'mark\n', 'truncate Afoo 256\n', 'none\n', 'checkpoint 0\n', 'close Afoo\n']
			Modified sequence = [('mkdir', 'A'), ('open', 'A/foo'), ('write', ('A/foo', 'append')), 'mark', ('truncate', ('A/foo', 'unaligned')), ('none', '1'), ('close', 'A/foo')]

9 : rmdir
	0 : ('A',)

		Used Files = ['A']
		File range = ['A', 'B', 'test']

		File # 56 : 0 : ('none',)
			Current Sequence = [('rmdir', 'A'), ('none', '1')]mkdir
command string: mkdir A 0777
mkdir A 0777
mark
command string: mark
mark
rmdir
command string: rmdir A
rmdir A
none
command string: none
checkpoint 0
none
checkpoint 0
['# define\n', 'test\n', 'A\n', 'A/C\n', 'B\n', 'foo\n', 'bar\n', 'A/foo\n', 'A/bar\n', 'B/foo\n', 'B/bar\n', 'A/C/foo\n', 'A/C/bar\n', '\n', '# declare\n', 'local_checkpoint\n', '\n', '# setup\n', '\n', '\n', '# run\n', 'mkdir A 0777\n', 'mark\n', 'rmdir A\n', 'none\n', 'checkpoint 0\n']
			Modified sequence = [('mkdir', 'A'), 'mark', ('rmdir', 'A'), ('none', '1')]

Total workloads generated = 56
Time taken to generate workloads = 1.2 seconds
Generated workloads can be found at ../tests/seq1
